{"name": "Test 1: Validate 3-frame structure", "status": "failed", "statusDetails": {"message": "AssertionError: Expected 3 frames, found 0\nassert 0 == 3", "trace": "E   AssertionError: Expected 3 frames, found 0\n    assert 0 == 3"}, "description": "\n        Verify IWSVA's legacy 3-frame architecture is correctly implemented.\n\n        Test Steps:\n        1. Count total number of frames on the page\n        2. Verify exactly 3 frames exist\n        3. Verify required frame names (tophead, left, right)\n        4. Verify each frame is accessible\n\n        Expected Results:\n        - Exactly 3 frames are present\n        - All required frames (tophead, left, right) exist\n        - All frames are accessible\n    ", "steps": [{"name": "Step 1: Count frames on page", "status": "failed", "statusDetails": {"message": "AssertionError: Expected 3 frames, found 0\nassert 0 == 3\n", "trace": "  File \"/home/michael/repos/michael-zhou-qa-portfolio/selenium-tests/tests/test_system_updates_enterprise.py\", line 490, in test_validate_frame_structure\n    assert frame_count == 3, \\\n"}, "start": 1770731536757, "stop": 1770731546791}], "attachments": [{"name": "log", "source": "312d3c2c-1ea1-42a5-be40-55df65a905ac-attachment.txt", "type": "text/plain"}, {"name": "stdout", "source": "aeaa27b4-cb01-4e85-9e29-3891f14bfc13-attachment.txt", "type": "text/plain"}], "start": 1770731536755, "stop": 1770731546792, "uuid": "a063c668-ef88-4885-b962-b5d8e1dd7eef", "historyId": "2e93b61ff012cfb2653c6aacbbe87a57", "testCaseId": "2e93b61ff012cfb2653c6aacbbe87a57", "fullName": "tests.test_system_updates_enterprise.TestSystemUpdatesEnterprise#test_validate_frame_structure", "labels": [{"name": "severity", "value": "normal"}, {"name": "feature", "value": "System Updates Page"}, {"name": "epic", "value": "IWSVA System Verification"}, {"name": "story", "value": "TC-SYS-003: Frameset Architecture Validation"}, {"name": "tag", "value": "P1"}, {"name": "tag", "value": "ui"}, {"name": "tag", "value": "regression"}, {"name": "tag", "value": "smoke"}, {"name": "parentSuite", "value": "tests"}, {"name": "suite", "value": "test_system_updates_enterprise"}, {"name": "subSuite", "value": "TestSystemUpdatesEnterprise"}, {"name": "host", "value": "Rocky9-10-206-201-21"}, {"name": "thread", "value": "2453615-MainThread"}, {"name": "framework", "value": "pytest"}, {"name": "language", "value": "cpython3"}, {"name": "package", "value": "tests.test_system_updates_enterprise"}], "links": [{"type": "tms", "url": "TC-SYS-003-01", "name": "Frame Structure Validation"}]}