[32m21:52:12 [    INFO] [tests.conftest] ================================================================================[0m
[32m21:52:12 [    INFO] [tests.conftest] TEST SESSION STARTED[0m
[32m21:52:12 [    INFO] [tests.conftest] ================================================================================[0m
[32m21:52:12 [    INFO] [tests.conftest] ‚úì Configuration validated[0m
[32m21:52:12 [    INFO] [tests.conftest] Test Environment Configuration:[0m
[32m21:52:12 [    INFO] [tests.conftest]   environment: qa[0m
[32m21:52:12 [    INFO] [tests.conftest]   base_url: https://10.206.201.9:8443[0m
[32m21:52:12 [    INFO] [tests.conftest]   username: admin[0m
[32m21:52:12 [    INFO] [tests.conftest]   browser: firefox[0m
[32m21:52:12 [    INFO] [tests.conftest]   headless: True[0m
[32m21:52:12 [    INFO] [tests.conftest]   resolution: 1920x1080[0m
[32m21:52:12 [    INFO] [tests.conftest]   target_kernel_version: 5.14.0-427.24.1.el9_4.x86_64[0m
[32m21:52:12 [    INFO] [tests.conftest]   ssh_host: 10.206.201.9[0m
[32m21:52:12 [    INFO] [tests.conftest]   max_retries: 2[0m
[32m21:52:12 [    INFO] [tests.conftest]   log_level: INFO[0m
[32m21:52:12 [    INFO] [tests.conftest]   video_recording: False[0m
[32m21:52:12 [    INFO] [tests.conftest] ================================================================================[0m
[32m21:52:12 [    INFO] [tests.test_system_updates_enterprise] ================================================================================[0m
[32m21:52:12 [    INFO] [tests.test_system_updates_enterprise] SUITE SETUP: System Updates Verification[0m
[32m21:52:12 [    INFO] [tests.test_system_updates_enterprise] ================================================================================[0m
[32m21:52:12 [    INFO] [tests.test_system_updates_enterprise] ‚úì Configuration validated[0m
[32m21:52:12 [    INFO] [tests.test_system_updates_enterprise] Test Environment:[0m
[32m21:52:12 [    INFO] [tests.test_system_updates_enterprise]   environment: qa[0m
[32m21:52:12 [    INFO] [tests.test_system_updates_enterprise]   base_url: https://10.206.201.9:8443[0m
[32m21:52:12 [    INFO] [tests.test_system_updates_enterprise]   username: admin[0m
[32m21:52:12 [    INFO] [tests.test_system_updates_enterprise]   browser: firefox[0m
[32m21:52:12 [    INFO] [tests.test_system_updates_enterprise]   headless: True[0m
[32m21:52:12 [    INFO] [tests.test_system_updates_enterprise]   resolution: 1920x1080[0m
[32m21:52:12 [    INFO] [tests.test_system_updates_enterprise]   target_kernel_version: 5.14.0-427.24.1.el9_4.x86_64[0m
[32m21:52:12 [    INFO] [tests.test_system_updates_enterprise]   ssh_host: 10.206.201.9[0m
[32m21:52:12 [    INFO] [tests.test_system_updates_enterprise]   max_retries: 2[0m
[32m21:52:12 [    INFO] [tests.test_system_updates_enterprise]   log_level: INFO[0m
[32m21:52:12 [    INFO] [tests.test_system_updates_enterprise]   video_recording: False[0m
[32m21:52:12 [    INFO] [tests.conftest] ============================================================[0m
[32m21:52:12 [    INFO] [tests.conftest] INITIALIZING WEBDRIVER: FIREFOX[0m
[32m21:52:12 [    INFO] [tests.conftest] ============================================================[0m
[32m21:52:16 [    INFO] [tests.conftest] ‚úì WebDriver initialized successfully[0m
[32m21:52:16 [    INFO] [tests.conftest]   Browser: firefox[0m
[32m21:52:16 [    INFO] [tests.conftest]   Headless: True[0m
[32m21:52:16 [    INFO] [tests.conftest]   Window size: 1920x1080[0m
[32m21:52:16 [    INFO] [TestAutomation] ================================================================================[0m
[32m21:52:16 [    INFO] [TestAutomation] TEST STARTED: TC-SYS-003-01 - test_validate_frame_structure[0m
[32m21:52:16 [    INFO] [TestAutomation] Description: Validate frameset architecture[0m
[32m21:52:16 [    INFO] [TestAutomation] ================================================================================[0m
[32m21:52:16 [    INFO] [TestAutomation] Step 1: Count total number of frames[0m
[32m21:52:26 [    INFO] [tests.test_system_updates_enterprise] Found 0 frames[0m
[31m21:52:26 [   ERROR] [tests.conftest] ================================================================================[0m
[31m21:52:26 [   ERROR] [tests.conftest] TEST FAILED: test_validate_frame_structure[0m
[31m21:52:26 [   ERROR] [tests.conftest] ================================================================================[0m
[32m21:52:26 [    INFO] [helpers.debug_helper] üì∏ Screenshot saved: /home/michael/repos/michael-zhou-qa-portfolio/selenium-tests/screenshots/test_validate_frame_structure_20260210_215226.png[0m
[32m21:52:26 [    INFO] [helpers.debug_helper] üìÑ HTML source saved: /home/michael/repos/michael-zhou-qa-portfolio/selenium-tests/screenshots/test_validate_frame_structure_20260210_215226.html[0m
[32m21:52:26 [    INFO] [helpers.debug_helper] üìã Browser logs saved: /home/michael/repos/michael-zhou-qa-portfolio/selenium-tests/logs/test_validate_frame_structure_20260210_215226_browser.log[0m
[31m21:52:26 [   ERROR] [helpers.debug_helper] Failed to save page info: 'ExceptionChainRepr' object has no attribute 'args'[0m
[32m21:52:26 [    INFO] [helpers.debug_helper] ‚ÑπÔ∏è  Page info saved: /home/michael/repos/michael-zhou-qa-portfolio/selenium-tests/screenshots/test_validate_frame_structure_20260210_215226_info.json[0m
[32m21:52:26 [    INFO] [helpers.debug_helper] ================================================================================[0m
[32m21:52:26 [    INFO] [helpers.debug_helper] üîç FAILURE ARTIFACTS CAPTURED[0m
[32m21:52:26 [    INFO] [helpers.debug_helper] ================================================================================[0m
[32m21:52:26 [    INFO] [helpers.debug_helper]   screenshot: /home/michael/repos/michael-zhou-qa-portfolio/selenium-tests/screenshots/test_validate_frame_structure_20260210_215226.png[0m
[32m21:52:26 [    INFO] [helpers.debug_helper]   html: /home/michael/repos/michael-zhou-qa-portfolio/selenium-tests/screenshots/test_validate_frame_structure_20260210_215226.html[0m
[32m21:52:26 [    INFO] [helpers.debug_helper]   browser_logs: /home/michael/repos/michael-zhou-qa-portfolio/selenium-tests/logs/test_validate_frame_structure_20260210_215226_browser.log[0m
[32m21:52:26 [    INFO] [helpers.debug_helper]   page_info: /home/michael/repos/michael-zhou-qa-portfolio/selenium-tests/screenshots/test_validate_frame_structure_20260210_215226_info.json[0m
[32m21:52:26 [    INFO] [helpers.debug_helper] ================================================================================[0m
[32m21:52:27 [    INFO] [tests.conftest] ‚úì WebDriver closed successfully[0m
[32m21:52:28 [    INFO] [tests.conftest] ============================================================[0m
[32m21:52:28 [    INFO] [tests.conftest] INITIALIZING WEBDRIVER: FIREFOX[0m
[32m21:52:28 [    INFO] [tests.conftest] ============================================================[0m
[32m21:52:32 [    INFO] [tests.conftest] ‚úì WebDriver initialized successfully[0m
[32m21:52:32 [    INFO] [tests.conftest]   Browser: firefox[0m
[32m21:52:32 [    INFO] [tests.conftest]   Headless: True[0m
[32m21:52:32 [    INFO] [tests.conftest]   Window size: 1920x1080[0m
[32m21:52:32 [    INFO] [TestAutomation] ================================================================================[0m
[32m21:52:32 [    INFO] [TestAutomation] TEST STARTED: TC-SYS-003-01 - test_validate_frame_structure[0m
[32m21:52:32 [    INFO] [TestAutomation] Description: Validate frameset architecture[0m
[32m21:52:32 [    INFO] [TestAutomation] ================================================================================[0m
[32m21:52:32 [    INFO] [TestAutomation] Step 1: Count total number of frames[0m
[32m21:52:43 [    INFO] [tests.test_system_updates_enterprise] Found 0 frames[0m
[31m21:52:43 [   ERROR] [tests.conftest] ================================================================================[0m
[31m21:52:43 [   ERROR] [tests.conftest] TEST FAILED: test_validate_frame_structure[0m
[31m21:52:43 [   ERROR] [tests.conftest] ================================================================================[0m
[32m21:52:43 [    INFO] [helpers.debug_helper] üì∏ Screenshot saved: /home/michael/repos/michael-zhou-qa-portfolio/selenium-tests/screenshots/test_validate_frame_structure_20260210_215243.png[0m
[32m21:52:43 [    INFO] [helpers.debug_helper] üìÑ HTML source saved: /home/michael/repos/michael-zhou-qa-portfolio/selenium-tests/screenshots/test_validate_frame_structure_20260210_215243.html[0m
[32m21:52:43 [    INFO] [helpers.debug_helper] üìã Browser logs saved: /home/michael/repos/michael-zhou-qa-portfolio/selenium-tests/logs/test_validate_frame_structure_20260210_215243_browser.log[0m
[31m21:52:43 [   ERROR] [helpers.debug_helper] Failed to save page info: 'ExceptionChainRepr' object has no attribute 'args'[0m
[32m21:52:43 [    INFO] [helpers.debug_helper] ‚ÑπÔ∏è  Page info saved: /home/michael/repos/michael-zhou-qa-portfolio/selenium-tests/screenshots/test_validate_frame_structure_20260210_215243_info.json[0m
[32m21:52:43 [    INFO] [helpers.debug_helper] ================================================================================[0m
[32m21:52:43 [    INFO] [helpers.debug_helper] üîç FAILURE ARTIFACTS CAPTURED[0m
[32m21:52:43 [    INFO] [helpers.debug_helper] ================================================================================[0m
[32m21:52:43 [    INFO] [helpers.debug_helper]   screenshot: /home/michael/repos/michael-zhou-qa-portfolio/selenium-tests/screenshots/test_validate_frame_structure_20260210_215243.png[0m
[32m21:52:43 [    INFO] [helpers.debug_helper]   html: /home/michael/repos/michael-zhou-qa-portfolio/selenium-tests/screenshots/test_validate_frame_structure_20260210_215243.html[0m
[32m21:52:43 [    INFO] [helpers.debug_helper]   browser_logs: /home/michael/repos/michael-zhou-qa-portfolio/selenium-tests/logs/test_validate_frame_structure_20260210_215243_browser.log[0m
[32m21:52:43 [    INFO] [helpers.debug_helper]   page_info: /home/michael/repos/michael-zhou-qa-portfolio/selenium-tests/screenshots/test_validate_frame_structure_20260210_215243_info.json[0m
[32m21:52:43 [    INFO] [helpers.debug_helper] ================================================================================[0m
[32m21:52:43 [    INFO] [tests.conftest] ‚úì WebDriver closed successfully[0m
[32m21:52:44 [    INFO] [tests.conftest] ============================================================[0m
[32m21:52:44 [    INFO] [tests.conftest] INITIALIZING WEBDRIVER: FIREFOX[0m
[32m21:52:44 [    INFO] [tests.conftest] ============================================================[0m
[32m21:52:49 [    INFO] [tests.conftest] ‚úì WebDriver initialized successfully[0m
[32m21:52:49 [    INFO] [tests.conftest]   Browser: firefox[0m
[32m21:52:49 [    INFO] [tests.conftest]   Headless: True[0m
[32m21:52:49 [    INFO] [tests.conftest]   Window size: 1920x1080[0m
[32m21:52:49 [    INFO] [TestAutomation] ================================================================================[0m
[32m21:52:49 [    INFO] [TestAutomation] TEST STARTED: TC-SYS-003-01 - test_validate_frame_structure[0m
[32m21:52:49 [    INFO] [TestAutomation] Description: Validate frameset architecture[0m
[32m21:52:49 [    INFO] [TestAutomation] ================================================================================[0m
[32m21:52:49 [    INFO] [TestAutomation] Step 1: Count total number of frames[0m
[32m21:52:59 [    INFO] [tests.test_system_updates_enterprise] Found 0 frames[0m
[31m21:52:59 [   ERROR] [tests.conftest] ================================================================================[0m
[31m21:52:59 [   ERROR] [tests.conftest] TEST FAILED: test_validate_frame_structure[0m
[31m21:52:59 [   ERROR] [tests.conftest] ================================================================================[0m
[32m21:52:59 [    INFO] [helpers.debug_helper] üì∏ Screenshot saved: /home/michael/repos/michael-zhou-qa-portfolio/selenium-tests/screenshots/test_validate_frame_structure_20260210_215259.png[0m
[32m21:52:59 [    INFO] [helpers.debug_helper] üìÑ HTML source saved: /home/michael/repos/michael-zhou-qa-portfolio/selenium-tests/screenshots/test_validate_frame_structure_20260210_215259.html[0m
[32m21:52:59 [    INFO] [helpers.debug_helper] üìã Browser logs saved: /home/michael/repos/michael-zhou-qa-portfolio/selenium-tests/logs/test_validate_frame_structure_20260210_215259_browser.log[0m
[31m21:52:59 [   ERROR] [helpers.debug_helper] Failed to save page info: 'ExceptionChainRepr' object has no attribute 'args'[0m
[32m21:52:59 [    INFO] [helpers.debug_helper] ‚ÑπÔ∏è  Page info saved: /home/michael/repos/michael-zhou-qa-portfolio/selenium-tests/screenshots/test_validate_frame_structure_20260210_215259_info.json[0m
[32m21:52:59 [    INFO] [helpers.debug_helper] ================================================================================[0m
[32m21:52:59 [    INFO] [helpers.debug_helper] üîç FAILURE ARTIFACTS CAPTURED[0m
[32m21:52:59 [    INFO] [helpers.debug_helper] ================================================================================[0m
[32m21:52:59 [    INFO] [helpers.debug_helper]   screenshot: /home/michael/repos/michael-zhou-qa-portfolio/selenium-tests/screenshots/test_validate_frame_structure_20260210_215259.png[0m
[32m21:52:59 [    INFO] [helpers.debug_helper]   html: /home/michael/repos/michael-zhou-qa-portfolio/selenium-tests/screenshots/test_validate_frame_structure_20260210_215259.html[0m
[32m21:52:59 [    INFO] [helpers.debug_helper]   browser_logs: /home/michael/repos/michael-zhou-qa-portfolio/selenium-tests/logs/test_validate_frame_structure_20260210_215259_browser.log[0m
[32m21:52:59 [    INFO] [helpers.debug_helper]   page_info: /home/michael/repos/michael-zhou-qa-portfolio/selenium-tests/screenshots/test_validate_frame_structure_20260210_215259_info.json[0m
[32m21:52:59 [    INFO] [helpers.debug_helper] ================================================================================[0m
[32m21:53:00 [    INFO] [tests.conftest] ‚úì WebDriver closed successfully[0m
[32m21:53:00 [    INFO] [tests.test_system_updates_enterprise] ================================================================================[0m
[32m21:53:00 [    INFO] [tests.test_system_updates_enterprise] SUITE TEARDOWN: Cleanup completed[0m
[32m21:53:00 [    INFO] [tests.test_system_updates_enterprise] ================================================================================[0m
[32m21:53:00 [    INFO] [tests.conftest] ================================================================================[0m
[32m21:53:00 [    INFO] [tests.conftest] TEST SESSION COMPLETED[0m
[32m21:53:00 [    INFO] [tests.conftest] ================================================================================[0m
