{"name": "Test 1: System Updates page loads with correct title", "status": "broken", "statusDetails": {"message": "selenium.common.exceptions.WebDriverException: Message: Process unexpectedly closed with status 1", "trace": "tests/conftest.py:117: in driver\n    driver_instance = _create_firefox_driver()\ntests/conftest.py:213: in _create_firefox_driver\n    driver = webdriver.Firefox(service=service, options=options)\n../../../.local/lib/python3.9/site-packages/selenium/webdriver/firefox/webdriver.py:69: in __init__\n    super().__init__(command_executor=executor, options=options)\n../../../.local/lib/python3.9/site-packages/selenium/webdriver/remote/webdriver.py:209: in __init__\n    self.start_session(capabilities)\n../../../.local/lib/python3.9/site-packages/selenium/webdriver/remote/webdriver.py:293: in start_session\n    response = self.execute(Command.NEW_SESSION, caps)[\"value\"]\n../../../.local/lib/python3.9/site-packages/selenium/webdriver/remote/webdriver.py:348: in execute\n    self.error_handler.check_response(response)\n../../../.local/lib/python3.9/site-packages/selenium/webdriver/remote/errorhandler.py:229: in check_response\n    raise exception_class(message, screen, stacktrace)\nE   selenium.common.exceptions.WebDriverException: Message: Process unexpectedly closed with status 1"}, "description": "\n        Verify that the System Updates page loads successfully and displays\n        the correct page title and kernel information section.\n\n        Preconditions:\n        - User is logged in to IWSVA\n        - User has access to System Updates page\n\n        Test Steps:\n        1. Navigate to System Updates page\n        2. Verify page title contains 'System Update'\n        3. Verify kernel information section is displayed\n\n        Expected Results:\n        - Page loads within 5 seconds\n        - Page title is 'System Update'\n        - Kernel information section is visible\n    ", "attachments": [{"name": "log", "source": "59fc584f-fb5a-44d0-87af-3da4a10dc49b-attachment.txt", "type": "text/plain"}, {"name": "stdout", "source": "2d2ccb3a-8517-46bd-9f65-c08741c210a3-attachment.txt", "type": "text/plain"}], "start": 1770770319796, "stop": 1770770319796, "uuid": "d35dd341-1214-4492-a258-7653ad8d541c", "historyId": "ddeeb2835ca8ca5c34233ce0a9502c2b", "testCaseId": "ddeeb2835ca8ca5c34233ce0a9502c2b", "fullName": "tests.test_system_updates_enterprise.TestSystemUpdatesEnterprise#test_page_load_and_title", "labels": [{"name": "story", "value": "TC-SYS-001: Page Display and Navigation"}, {"name": "severity", "value": "critical"}, {"name": "feature", "value": "System Updates Page"}, {"name": "epic", "value": "IWSVA System Verification"}, {"name": "tag", "value": "P0"}, {"name": "tag", "value": "ui"}, {"name": "tag", "value": "regression"}, {"name": "tag", "value": "smoke"}, {"name": "parentSuite", "value": "tests"}, {"name": "suite", "value": "test_system_updates_enterprise"}, {"name": "subSuite", "value": "TestSystemUpdatesEnterprise"}, {"name": "host", "value": "Rocky9-10-206-201-21"}, {"name": "thread", "value": "2532546-MainThread"}, {"name": "framework", "value": "pytest"}, {"name": "language", "value": "cpython3"}, {"name": "package", "value": "tests.test_system_updates_enterprise"}], "links": [{"type": "tms", "url": "TC-SYS-001-01", "name": "Page Load Verification"}]}