{"name": "Test 1: Validate 3-frame structure", "status": "failed", "statusDetails": {"message": "AssertionError: Expected 3 frames, found 0\nassert 0 == 3", "trace": "tests/test_system_updates_enterprise.py:490: in test_validate_frame_structure\n    assert frame_count == 3, \\\nE   AssertionError: Expected 3 frames, found 0\nE   assert 0 == 3"}, "description": "\n        Verify IWSVA's legacy 3-frame architecture is correctly implemented.\n\n        Test Steps:\n        1. Count total number of frames on the page\n        2. Verify exactly 3 frames exist\n        3. Verify required frame names (tophead, left, right)\n        4. Verify each frame is accessible\n\n        Expected Results:\n        - Exactly 3 frames are present\n        - All required frames (tophead, left, right) exist\n        - All frames are accessible\n    ", "steps": [{"name": "Step 1: Count frames on page", "status": "failed", "statusDetails": {"message": "AssertionError: Expected 3 frames, found 0\nassert 0 == 3\n", "trace": "  File \"/home/michael/repos/michael-zhou-qa-portfolio/selenium-tests/tests/test_system_updates_enterprise.py\", line 490, in test_validate_frame_structure\n    assert frame_count == 3, \\\n"}, "start": 1770731505715, "stop": 1770731515741}], "attachments": [{"name": "log", "source": "491f825e-1a94-46ae-9d00-112d1e91494a-attachment.txt", "type": "text/plain"}, {"name": "stdout", "source": "2df0fc9d-aac7-44b8-912e-c65ff1ee1ff5-attachment.txt", "type": "text/plain"}], "start": 1770731505714, "stop": 1770731515741, "uuid": "dfead404-78c6-4813-813f-c9991cce7417", "historyId": "2e93b61ff012cfb2653c6aacbbe87a57", "testCaseId": "2e93b61ff012cfb2653c6aacbbe87a57", "fullName": "tests.test_system_updates_enterprise.TestSystemUpdatesEnterprise#test_validate_frame_structure", "labels": [{"name": "story", "value": "TC-SYS-003: Frameset Architecture Validation"}, {"name": "severity", "value": "normal"}, {"name": "feature", "value": "System Updates Page"}, {"name": "epic", "value": "IWSVA System Verification"}, {"name": "tag", "value": "P1"}, {"name": "tag", "value": "ui"}, {"name": "tag", "value": "regression"}, {"name": "tag", "value": "smoke"}, {"name": "parentSuite", "value": "tests"}, {"name": "suite", "value": "test_system_updates_enterprise"}, {"name": "subSuite", "value": "TestSystemUpdatesEnterprise"}, {"name": "host", "value": "Rocky9-10-206-201-21"}, {"name": "thread", "value": "2452122-MainThread"}, {"name": "framework", "value": "pytest"}, {"name": "language", "value": "cpython3"}, {"name": "package", "value": "tests.test_system_updates_enterprise"}], "links": [{"type": "tms", "url": "TC-SYS-003-01", "name": "Frame Structure Validation"}]}